  main.cpp
F:\OneDrive - U-tad\Fundamentos de Programacion de Videojuegos\Programacion C++\Practicas\Practica17\main.cpp(59,5): error C2059: syntax error: 'if'
F:\OneDrive - U-tad\Fundamentos de Programacion de Videojuegos\Programacion C++\Practicas\Practica17\main.cpp(59,5): error C2143: syntax error: missing ';' before '{'
F:\OneDrive - U-tad\Fundamentos de Programacion de Videojuegos\Programacion C++\Practicas\Practica17\main.cpp(59,5): error C2447: '{': missing function header (old-style formal list?)
F:\OneDrive - U-tad\Fundamentos de Programacion de Videojuegos\Programacion C++\Practicas\Practica17\main.cpp(60,5): error C2059: syntax error: 'if'
F:\OneDrive - U-tad\Fundamentos de Programacion de Videojuegos\Programacion C++\Practicas\Practica17\main.cpp(60,5): error C2143: syntax error: missing ';' before '{'
F:\OneDrive - U-tad\Fundamentos de Programacion de Videojuegos\Programacion C++\Practicas\Practica17\main.cpp(60,5): error C2447: '{': missing function header (old-style formal list?)
F:\OneDrive - U-tad\Fundamentos de Programacion de Videojuegos\Programacion C++\Practicas\Practica17\main.cpp(61,5): error C2059: syntax error: 'if'
F:\OneDrive - U-tad\Fundamentos de Programacion de Videojuegos\Programacion C++\Practicas\Practica17\main.cpp(61,5): error C2143: syntax error: missing ';' before '{'
F:\OneDrive - U-tad\Fundamentos de Programacion de Videojuegos\Programacion C++\Practicas\Practica17\main.cpp(61,5): error C2447: '{': missing function header (old-style formal list?)
F:\OneDrive - U-tad\Fundamentos de Programacion de Videojuegos\Programacion C++\Practicas\Practica17\main.cpp(62,5): error C2059: syntax error: 'if'
F:\OneDrive - U-tad\Fundamentos de Programacion de Videojuegos\Programacion C++\Practicas\Practica17\main.cpp(62,5): error C2143: syntax error: missing ';' before '{'
F:\OneDrive - U-tad\Fundamentos de Programacion de Videojuegos\Programacion C++\Practicas\Practica17\main.cpp(62,5): error C2447: '{': missing function header (old-style formal list?)
F:\OneDrive - U-tad\Fundamentos de Programacion de Videojuegos\Programacion C++\Practicas\Practica17\main.cpp(63,5): error C2059: syntax error: 'return'
F:\OneDrive - U-tad\Fundamentos de Programacion de Videojuegos\Programacion C++\Practicas\Practica17\main.cpp(64,3): error C2059: syntax error: '}'
F:\OneDrive - U-tad\Fundamentos de Programacion de Videojuegos\Programacion C++\Practicas\Practica17\main.cpp(64,3): error C2143: syntax error: missing ';' before '}'
F:\OneDrive - U-tad\Fundamentos de Programacion de Videojuegos\Programacion C++\Practicas\Practica17\main.cpp(65,1): error C2143: syntax error: missing ';' before '}'
F:\OneDrive - U-tad\Fundamentos de Programacion de Videojuegos\Programacion C++\Practicas\Practica17\main.cpp(65,1): error C2059: syntax error: '}'
F:\OneDrive - U-tad\Fundamentos de Programacion de Videojuegos\Programacion C++\Practicas\Practica17\main.cpp(96,1): error C2017: illegal escape sequence
F:\OneDrive - U-tad\Fundamentos de Programacion de Videojuegos\Programacion C++\Practicas\Practica17\main.cpp(96): fatal error C1075: '{': no matching token found
